0 info it worked if it ends with ok
1 verbose cli [ '/usr/local/bin/node',
1 verbose cli   '/usr/local/bin/npm',
1 verbose cli   'install',
1 verbose cli   'bcrypt' ]
2 info using npm@2.7.4
3 info using node@v0.13.0-pre
4 silly cache add args [ 'bcrypt', null ]
5 verbose cache add spec bcrypt
6 silly cache add parsed spec { raw: 'bcrypt',
6 silly cache add   scope: null,
6 silly cache add   name: 'bcrypt',
6 silly cache add   rawSpec: '',
6 silly cache add   spec: '*',
6 silly cache add   type: 'range' }
7 verbose addNamed bcrypt@*
8 silly addNamed semver.valid null
9 silly addNamed semver.validRange *
10 silly addNameRange { name: 'bcrypt', range: '*', hasData: false }
11 silly mapToRegistry name bcrypt
12 silly mapToRegistry using default registry
13 silly mapToRegistry registry https://registry.npmjs.org/
14 silly mapToRegistry uri https://registry.npmjs.org/bcrypt
15 verbose addNameRange registry:https://registry.npmjs.org/bcrypt not in flight; fetching
16 verbose request uri https://registry.npmjs.org/bcrypt
17 verbose request no auth needed
18 info attempt registry request try #1 at 12:40:42
19 verbose request id c49c94cd5f807ddc
20 verbose etag "3CJ6K7DX95450WVBNFPO4YRDY"
21 http request GET https://registry.npmjs.org/bcrypt
22 http 304 https://registry.npmjs.org/bcrypt
23 silly get cb [ 304,
23 silly get   { date: 'Sun, 17 May 2015 17:40:43 GMT',
23 silly get     via: '1.1 varnish',
23 silly get     'cache-control': 'max-age=60',
23 silly get     etag: '"3CJ6K7DX95450WVBNFPO4YRDY"',
23 silly get     age: '40',
23 silly get     connection: 'keep-alive',
23 silly get     'x-served-by': 'cache-jfk1035-JFK',
23 silly get     'x-cache': 'HIT',
23 silly get     'x-cache-hits': '2',
23 silly get     'x-timer': 'S1431884443.491474,VS0,VE0',
23 silly get     vary: 'Accept' } ]
24 verbose etag https://registry.npmjs.org/bcrypt from cache
25 verbose get saving bcrypt to /Users/pamelaholmes/.npm/registry.npmjs.org/bcrypt/.cache.json
26 silly addNameRange number 2 { name: 'bcrypt', range: '*', hasData: true }
27 silly addNameRange versions [ 'bcrypt',
27 silly addNameRange   [ '0.1.2',
27 silly addNameRange     '0.2.0',
27 silly addNameRange     '0.2.1',
27 silly addNameRange     '0.1.3',
27 silly addNameRange     '0.2.2',
27 silly addNameRange     '0.2.3',
27 silly addNameRange     '0.2.4',
27 silly addNameRange     '0.3.0',
27 silly addNameRange     '0.3.1',
27 silly addNameRange     '0.3.2',
27 silly addNameRange     '0.4.0',
27 silly addNameRange     '0.4.1',
27 silly addNameRange     '0.5.0',
27 silly addNameRange     '0.6.0',
27 silly addNameRange     '0.7.0',
27 silly addNameRange     '0.7.1',
27 silly addNameRange     '0.7.2',
27 silly addNameRange     '0.7.3',
27 silly addNameRange     '0.7.4',
27 silly addNameRange     '0.7.5',
27 silly addNameRange     '0.7.6',
27 silly addNameRange     '0.7.7',
27 silly addNameRange     '0.7.8',
27 silly addNameRange     '0.8.0',
27 silly addNameRange     '0.8.1',
27 silly addNameRange     '0.8.2',
27 silly addNameRange     '0.8.3' ] ]
28 verbose addNamed bcrypt@0.8.3
29 silly addNamed semver.valid 0.8.3
30 silly addNamed semver.validRange 0.8.3
31 silly cache afterAdd bcrypt@0.8.3
32 verbose afterAdd /Users/pamelaholmes/.npm/bcrypt/0.8.3/package/package.json not in flight; writing
33 verbose afterAdd /Users/pamelaholmes/.npm/bcrypt/0.8.3/package/package.json written
34 silly install resolved [ { name: 'bcrypt',
34 silly install resolved     description: 'A bcrypt library for NodeJS.',
34 silly install resolved     keywords:
34 silly install resolved      [ 'bcrypt',
34 silly install resolved        'password',
34 silly install resolved        'auth',
34 silly install resolved        'authentication',
34 silly install resolved        'encryption',
34 silly install resolved        'crypt',
34 silly install resolved        'crypto' ],
34 silly install resolved     main: './bcrypt',
34 silly install resolved     version: '0.8.3',
34 silly install resolved     author: { name: 'Nick Campbell', url: 'https://github.com/ncb000gt' },
34 silly install resolved     engines: { node: '>= 0.6.0' },
34 silly install resolved     repository:
34 silly install resolved      { type: 'git',
34 silly install resolved        url: 'git+https://github.com/ncb000gt/node.bcrypt.js.git' },
34 silly install resolved     licenses: [ [Object] ],
34 silly install resolved     bugs: { url: 'https://github.com/ncb000gt/node.bcrypt.js/issues' },
34 silly install resolved     scripts:
34 silly install resolved      { test: 'node-gyp configure build && nodeunit test',
34 silly install resolved        install: 'node-gyp rebuild' },
34 silly install resolved     dependencies: { bindings: '1.2.1', nan: '1.8.4' },
34 silly install resolved     devDependencies: { nodeunit: '>=0.6.4' },
34 silly install resolved     contributors:
34 silly install resolved      [ [Object],
34 silly install resolved        [Object],
34 silly install resolved        [Object],
34 silly install resolved        [Object],
34 silly install resolved        [Object],
34 silly install resolved        [Object],
34 silly install resolved        [Object],
34 silly install resolved        [Object],
34 silly install resolved        [Object],
34 silly install resolved        [Object],
34 silly install resolved        [Object],
34 silly install resolved        [Object],
34 silly install resolved        [Object],
34 silly install resolved        [Object] ],
34 silly install resolved     gypfile: true,
34 silly install resolved     gitHead: '59b9a1e4b3a0d0889812fdeda4e1c7bd0224ebd1',
34 silly install resolved     homepage: 'https://github.com/ncb000gt/node.bcrypt.js#readme',
34 silly install resolved     _id: 'bcrypt@0.8.3',
34 silly install resolved     _shasum: '714f92307246a35350744312b0d6a11a4abf792e',
34 silly install resolved     _from: 'bcrypt@*',
34 silly install resolved     _npmVersion: '2.9.0',
34 silly install resolved     _nodeVersion: '0.10.35',
34 silly install resolved     _npmUser: { name: 'shtylman', email: 'shtylman@gmail.com' },
34 silly install resolved     maintainers: [ [Object], [Object], [Object], [Object] ],
34 silly install resolved     dist:
34 silly install resolved      { shasum: '714f92307246a35350744312b0d6a11a4abf792e',
34 silly install resolved        tarball: 'http://registry.npmjs.org/bcrypt/-/bcrypt-0.8.3.tgz' },
34 silly install resolved     directories: {},
34 silly install resolved     _resolved: 'https://registry.npmjs.org/bcrypt/-/bcrypt-0.8.3.tgz',
34 silly install resolved     readme: 'ERROR: No README data found!' } ]
35 info install bcrypt@0.8.3 into /Users/pamelaholmes/Documents/fullsail/SSL2/project/ssl/fitrackers
36 info installOne bcrypt@0.8.3
37 verbose installOne of bcrypt to /Users/pamelaholmes/Documents/fullsail/SSL2/project/ssl/fitrackers not in flight; installing
38 verbose lock using /Users/pamelaholmes/.npm/_locks/bcrypt-69763deaf6dc073e.lock for /Users/pamelaholmes/Documents/fullsail/SSL2/project/ssl/fitrackers/node_modules/bcrypt
39 warn engine bcrypt@0.8.3: wanted: {"node":">= 0.6.0"} (current: {"node":"0.13.0-pre","npm":"2.7.4"})
40 silly install write writing bcrypt 0.8.3 to /Users/pamelaholmes/Documents/fullsail/SSL2/project/ssl/fitrackers/node_modules/bcrypt
41 silly cache addNamed cb bcrypt@0.8.3
42 verbose unbuild node_modules/bcrypt
43 silly gentlyRm /Users/pamelaholmes/Documents/fullsail/SSL2/project/ssl/fitrackers/node_modules/bcrypt is being purged from base /Users/pamelaholmes/Documents/fullsail/SSL2/project/ssl/fitrackers
44 verbose gentlyRm don't care about contents; nuking /Users/pamelaholmes/Documents/fullsail/SSL2/project/ssl/fitrackers/node_modules/bcrypt
45 verbose tar unpack /Users/pamelaholmes/.npm/bcrypt/0.8.3/package.tgz
46 verbose tar unpacking to /Users/pamelaholmes/Documents/fullsail/SSL2/project/ssl/fitrackers/node_modules/bcrypt
47 silly gentlyRm /Users/pamelaholmes/Documents/fullsail/SSL2/project/ssl/fitrackers/node_modules/bcrypt is being purged
48 verbose gentlyRm don't care about contents; nuking /Users/pamelaholmes/Documents/fullsail/SSL2/project/ssl/fitrackers/node_modules/bcrypt
49 silly gunzTarPerm modes [ '755', '644' ]
50 silly gunzTarPerm extractEntry package.json
51 silly gunzTarPerm extractEntry .npmignore
52 silly gunzTarPerm extractEntry README.md
53 silly gunzTarPerm extractEntry LICENSE
54 silly gunzTarPerm extractEntry bcrypt.js
55 silly gunzTarPerm extractEntry binding.gyp
56 silly gunzTarPerm extractEntry .travis.yml
57 silly gunzTarPerm extractEntry CHANGELOG.md
58 silly gunzTarPerm extractEntry examples/async_compare.js
59 silly gunzTarPerm extractEntry examples/forever_gen_salt.js
60 silly gunzTarPerm extractEntry test/async.js
61 silly gunzTarPerm extractEntry test/repetitions.js
62 silly gunzTarPerm extractEntry test/sync.js
63 silly gunzTarPerm extractEntry Makefile
64 silly gunzTarPerm extractEntry src/bcrypt.cc
65 silly gunzTarPerm extractEntry src/bcrypt_node.cc
66 silly gunzTarPerm extractEntry src/blowfish.cc
67 silly gunzTarPerm extractEntry src/node_blf.h
68 silly gunzTarPerm extractEntry werker.yml
69 info preinstall bcrypt@0.8.3
70 silly prepareForInstallMany adding bindings@1.2.1 from bcrypt dependencies
71 silly prepareForInstallMany adding nan@1.8.4 from bcrypt dependencies
72 silly cache add args [ 'bindings@1.2.1', null ]
73 verbose cache add spec bindings@1.2.1
74 silly cache add args [ 'nan@1.8.4', null ]
75 verbose cache add spec nan@1.8.4
76 silly cache add parsed spec { raw: 'bindings@1.2.1',
76 silly cache add   scope: null,
76 silly cache add   name: 'bindings',
76 silly cache add   rawSpec: '1.2.1',
76 silly cache add   spec: '1.2.1',
76 silly cache add   type: 'version' }
77 verbose addNamed bindings@1.2.1
78 silly addNamed semver.valid 1.2.1
79 silly addNamed semver.validRange 1.2.1
80 silly mapToRegistry name bindings
81 silly mapToRegistry using default registry
82 silly mapToRegistry registry https://registry.npmjs.org/
83 silly mapToRegistry uri https://registry.npmjs.org/bindings
84 verbose addNameVersion registry:https://registry.npmjs.org/bindings not in flight; fetching
85 silly cache add parsed spec { raw: 'nan@1.8.4',
85 silly cache add   scope: null,
85 silly cache add   name: 'nan',
85 silly cache add   rawSpec: '1.8.4',
85 silly cache add   spec: '1.8.4',
85 silly cache add   type: 'version' }
86 verbose addNamed nan@1.8.4
87 silly addNamed semver.valid 1.8.4
88 silly addNamed semver.validRange 1.8.4
89 silly mapToRegistry name nan
90 silly mapToRegistry using default registry
91 silly mapToRegistry registry https://registry.npmjs.org/
92 silly mapToRegistry uri https://registry.npmjs.org/nan
93 verbose addNameVersion registry:https://registry.npmjs.org/nan not in flight; fetching
94 verbose request uri https://registry.npmjs.org/bindings
95 verbose request no auth needed
96 info attempt registry request try #1 at 12:40:43
97 verbose etag "9RK4S5X0OXSOK2HUD8YR6PWNW"
98 http request GET https://registry.npmjs.org/bindings
99 verbose request uri https://registry.npmjs.org/nan
100 verbose request no auth needed
101 info attempt registry request try #1 at 12:40:43
102 verbose etag "560ZHVEP0DOKC8XVXCA3VTZHE"
103 http request GET https://registry.npmjs.org/nan
104 http 304 https://registry.npmjs.org/nan
105 silly get cb [ 304,
105 silly get   { date: 'Sun, 17 May 2015 17:40:43 GMT',
105 silly get     via: '1.1 varnish',
105 silly get     'cache-control': 'max-age=60',
105 silly get     etag: '"560ZHVEP0DOKC8XVXCA3VTZHE"',
105 silly get     age: '56',
105 silly get     connection: 'keep-alive',
105 silly get     'x-served-by': 'cache-jfk1029-JFK',
105 silly get     'x-cache': 'HIT',
105 silly get     'x-cache-hits': '5',
105 silly get     'x-timer': 'S1431884443.908586,VS0,VE0',
105 silly get     vary: 'Accept' } ]
106 verbose etag https://registry.npmjs.org/nan from cache
107 verbose get saving nan to /Users/pamelaholmes/.npm/registry.npmjs.org/nan/.cache.json
108 silly cache afterAdd nan@1.8.4
109 verbose afterAdd /Users/pamelaholmes/.npm/nan/1.8.4/package/package.json not in flight; writing
110 verbose afterAdd /Users/pamelaholmes/.npm/nan/1.8.4/package/package.json written
111 http 304 https://registry.npmjs.org/bindings
112 silly get cb [ 304,
112 silly get   { date: 'Sun, 17 May 2015 17:40:44 GMT',
112 silly get     via: '1.1 varnish',
112 silly get     'cache-control': 'max-age=60',
112 silly get     etag: '"9RK4S5X0OXSOK2HUD8YR6PWNW"',
112 silly get     age: '30',
112 silly get     connection: 'keep-alive',
112 silly get     'x-served-by': 'cache-jfk1027-JFK',
112 silly get     'x-cache': 'HIT',
112 silly get     'x-cache-hits': '1',
112 silly get     'x-timer': 'S1431884444.136175,VS0,VE0',
112 silly get     vary: 'Accept' } ]
113 verbose etag https://registry.npmjs.org/bindings from cache
114 verbose get saving bindings to /Users/pamelaholmes/.npm/registry.npmjs.org/bindings/.cache.json
115 silly cache afterAdd bindings@1.2.1
116 verbose afterAdd /Users/pamelaholmes/.npm/bindings/1.2.1/package/package.json not in flight; writing
117 verbose afterAdd /Users/pamelaholmes/.npm/bindings/1.2.1/package/package.json written
118 silly install resolved [ { name: 'nan',
118 silly install resolved     version: '1.8.4',
118 silly install resolved     description: 'Native Abstractions for Node.js: C++ header for Node 0.8->0.12 compatibility',
118 silly install resolved     main: 'include_dirs.js',
118 silly install resolved     repository: { type: 'git', url: 'git://github.com/iojs/nan.git' },
118 silly install resolved     scripts:
118 silly install resolved      { test: 'tap --gc test/js/*-test.js',
118 silly install resolved        'rebuild-tests': 'pangyp rebuild --directory test' },
118 silly install resolved     contributors:
118 silly install resolved      [ [Object],
118 silly install resolved        [Object],
118 silly install resolved        [Object],
118 silly install resolved        [Object],
118 silly install resolved        [Object],
118 silly install resolved        [Object],
118 silly install resolved        [Object] ],
118 silly install resolved     devDependencies:
118 silly install resolved      { bindings: '~1.2.1',
118 silly install resolved        'node-gyp': '~1.0.2',
118 silly install resolved        pangyp: '~2.0.1',
118 silly install resolved        tap: '~0.7.1',
118 silly install resolved        xtend: '~4.0.0' },
118 silly install resolved     license: 'MIT',
118 silly install resolved     gitHead: 'ed3bbf4ced0cf7937b4e4164766797f71aa97f3d',
118 silly install resolved     bugs: { url: 'https://github.com/iojs/nan/issues' },
118 silly install resolved     homepage: 'https://github.com/iojs/nan#readme',
118 silly install resolved     _id: 'nan@1.8.4',
118 silly install resolved     _shasum: '3c76b5382eab33e44b758d2813ca9d92e9342f34',
118 silly install resolved     _from: 'nan@1.8.4',
118 silly install resolved     _npmVersion: '2.8.3',
118 silly install resolved     _nodeVersion: '0.12.2',
118 silly install resolved     _npmUser: { name: 'kkoopa', email: 'bbyholm@abo.fi' },
118 silly install resolved     maintainers: [ [Object], [Object] ],
118 silly install resolved     dist:
118 silly install resolved      { shasum: '3c76b5382eab33e44b758d2813ca9d92e9342f34',
118 silly install resolved        tarball: 'http://registry.npmjs.org/nan/-/nan-1.8.4.tgz' },
118 silly install resolved     directories: {},
118 silly install resolved     _resolved: 'https://registry.npmjs.org/nan/-/nan-1.8.4.tgz',
118 silly install resolved     readme: 'ERROR: No README data found!' },
118 silly install resolved   { name: 'bindings',
118 silly install resolved     description: 'Helper module for loading your native module\'s .node file',
118 silly install resolved     keywords: [ 'native', 'addon', 'bindings', 'gyp', 'waf', 'c', 'c++' ],
118 silly install resolved     version: '1.2.1',
118 silly install resolved     author:
118 silly install resolved      { name: 'Nathan Rajlich',
118 silly install resolved        email: 'nathan@tootallnate.net',
118 silly install resolved        url: 'http://tootallnate.net' },
118 silly install resolved     repository:
118 silly install resolved      { type: 'git',
118 silly install resolved        url: 'git://github.com/TooTallNate/node-bindings.git' },
118 silly install resolved     main: './bindings.js',
118 silly install resolved     bugs: { url: 'https://github.com/TooTallNate/node-bindings/issues' },
118 silly install resolved     homepage: 'https://github.com/TooTallNate/node-bindings',
118 silly install resolved     license: 'MIT',
118 silly install resolved     gitHead: 'e404152ee27f8478ccbc7122ee051246e8e5ec02',
118 silly install resolved     _id: 'bindings@1.2.1',
118 silly install resolved     scripts: {},
118 silly install resolved     _shasum: '14ad6113812d2d37d72e67b4cacb4bb726505f11',
118 silly install resolved     _from: 'bindings@1.2.1',
118 silly install resolved     _npmVersion: '1.4.14',
118 silly install resolved     _npmUser: { name: 'tootallnate', email: 'nathan@tootallnate.net' },
118 silly install resolved     maintainers: [ [Object], [Object] ],
118 silly install resolved     dist:
118 silly install resolved      { shasum: '14ad6113812d2d37d72e67b4cacb4bb726505f11',
118 silly install resolved        tarball: 'http://registry.npmjs.org/bindings/-/bindings-1.2.1.tgz' },
118 silly install resolved     directories: {},
118 silly install resolved     _resolved: 'https://registry.npmjs.org/bindings/-/bindings-1.2.1.tgz',
118 silly install resolved     readme: 'ERROR: No README data found!' } ]
119 info install nan@1.8.4 into /Users/pamelaholmes/Documents/fullsail/SSL2/project/ssl/fitrackers/node_modules/bcrypt
120 info install bindings@1.2.1 into /Users/pamelaholmes/Documents/fullsail/SSL2/project/ssl/fitrackers/node_modules/bcrypt
121 info installOne nan@1.8.4
122 verbose installOne of nan to /Users/pamelaholmes/Documents/fullsail/SSL2/project/ssl/fitrackers/node_modules/bcrypt not in flight; installing
123 info installOne bindings@1.2.1
124 verbose installOne of bindings to /Users/pamelaholmes/Documents/fullsail/SSL2/project/ssl/fitrackers/node_modules/bcrypt not in flight; installing
125 verbose lock using /Users/pamelaholmes/.npm/_locks/nan-a48c4b9223d62cfc.lock for /Users/pamelaholmes/Documents/fullsail/SSL2/project/ssl/fitrackers/node_modules/bcrypt/node_modules/nan
126 silly install write writing nan 1.8.4 to /Users/pamelaholmes/Documents/fullsail/SSL2/project/ssl/fitrackers/node_modules/bcrypt/node_modules/nan
127 silly cache addNamed cb nan@1.8.4
128 verbose unbuild node_modules/bcrypt/node_modules/nan
129 verbose lock using /Users/pamelaholmes/.npm/_locks/bindings-aa0bf59168823d97.lock for /Users/pamelaholmes/Documents/fullsail/SSL2/project/ssl/fitrackers/node_modules/bcrypt/node_modules/bindings
130 silly install write writing bindings 1.2.1 to /Users/pamelaholmes/Documents/fullsail/SSL2/project/ssl/fitrackers/node_modules/bcrypt/node_modules/bindings
131 silly cache addNamed cb bindings@1.2.1
132 verbose unbuild node_modules/bcrypt/node_modules/bindings
133 silly gentlyRm /Users/pamelaholmes/Documents/fullsail/SSL2/project/ssl/fitrackers/node_modules/bcrypt/node_modules/nan is being purged from base /Users/pamelaholmes/Documents/fullsail/SSL2/project/ssl/fitrackers
134 verbose gentlyRm don't care about contents; nuking /Users/pamelaholmes/Documents/fullsail/SSL2/project/ssl/fitrackers/node_modules/bcrypt/node_modules/nan
135 verbose tar unpack /Users/pamelaholmes/.npm/nan/1.8.4/package.tgz
136 verbose tar unpacking to /Users/pamelaholmes/Documents/fullsail/SSL2/project/ssl/fitrackers/node_modules/bcrypt/node_modules/nan
137 silly gentlyRm /Users/pamelaholmes/Documents/fullsail/SSL2/project/ssl/fitrackers/node_modules/bcrypt/node_modules/nan is being purged
138 verbose gentlyRm don't care about contents; nuking /Users/pamelaholmes/Documents/fullsail/SSL2/project/ssl/fitrackers/node_modules/bcrypt/node_modules/nan
139 silly gentlyRm /Users/pamelaholmes/Documents/fullsail/SSL2/project/ssl/fitrackers/node_modules/bcrypt/node_modules/bindings is being purged from base /Users/pamelaholmes/Documents/fullsail/SSL2/project/ssl/fitrackers
140 verbose gentlyRm don't care about contents; nuking /Users/pamelaholmes/Documents/fullsail/SSL2/project/ssl/fitrackers/node_modules/bcrypt/node_modules/bindings
141 silly gunzTarPerm modes [ '755', '644' ]
142 verbose tar unpack /Users/pamelaholmes/.npm/bindings/1.2.1/package.tgz
143 verbose tar unpacking to /Users/pamelaholmes/Documents/fullsail/SSL2/project/ssl/fitrackers/node_modules/bcrypt/node_modules/bindings
144 silly gentlyRm /Users/pamelaholmes/Documents/fullsail/SSL2/project/ssl/fitrackers/node_modules/bcrypt/node_modules/bindings is being purged
145 verbose gentlyRm don't care about contents; nuking /Users/pamelaholmes/Documents/fullsail/SSL2/project/ssl/fitrackers/node_modules/bcrypt/node_modules/bindings
146 silly gunzTarPerm modes [ '755', '644' ]
147 silly gunzTarPerm extractEntry package.json
148 silly gunzTarPerm modified mode [ 'package.json', 436, 420 ]
149 silly gunzTarPerm extractEntry package.json
150 silly gunzTarPerm extractEntry README.md
151 silly gunzTarPerm modified mode [ 'README.md', 436, 420 ]
152 silly gunzTarPerm extractEntry include_dirs.js
153 silly gunzTarPerm modified mode [ 'include_dirs.js', 436, 420 ]
154 silly gunzTarPerm extractEntry README.md
155 silly gunzTarPerm extractEntry bindings.js
156 silly gunzTarPerm extractEntry LICENSE.md
157 silly gunzTarPerm modified mode [ 'LICENSE.md', 436, 420 ]
158 silly gunzTarPerm extractEntry .dntrc
159 silly gunzTarPerm modified mode [ '.dntrc', 436, 420 ]
160 silly gunzTarPerm extractEntry appveyor.yml
161 silly gunzTarPerm modified mode [ 'appveyor.yml', 436, 420 ]
162 silly gunzTarPerm extractEntry nan.h
163 silly gunzTarPerm modified mode [ 'nan.h', 436, 420 ]
164 info preinstall bindings@1.2.1
165 silly install resolved []
166 verbose about to build /Users/pamelaholmes/Documents/fullsail/SSL2/project/ssl/fitrackers/node_modules/bcrypt/node_modules/bindings
167 info build /Users/pamelaholmes/Documents/fullsail/SSL2/project/ssl/fitrackers/node_modules/bcrypt/node_modules/bindings
168 verbose linkStuff [ false,
168 verbose linkStuff   false,
168 verbose linkStuff   false,
168 verbose linkStuff   '/Users/pamelaholmes/Documents/fullsail/SSL2/project/ssl/fitrackers/node_modules/bcrypt/node_modules' ]
169 info linkStuff bindings@1.2.1
170 verbose linkBins bindings@1.2.1
171 verbose linkMans bindings@1.2.1
172 verbose rebuildBundles bindings@1.2.1
173 info install bindings@1.2.1
174 info postinstall bindings@1.2.1
175 verbose unlock done using /Users/pamelaholmes/.npm/_locks/bindings-aa0bf59168823d97.lock for /Users/pamelaholmes/Documents/fullsail/SSL2/project/ssl/fitrackers/node_modules/bcrypt/node_modules/bindings
176 silly gunzTarPerm extractEntry nan_implementation_12_inl.h
177 silly gunzTarPerm modified mode [ 'nan_implementation_12_inl.h', 436, 420 ]
178 silly gunzTarPerm extractEntry nan_implementation_pre_12_inl.h
179 silly gunzTarPerm modified mode [ 'nan_implementation_pre_12_inl.h', 436, 420 ]
180 silly gunzTarPerm extractEntry nan_new.h
181 silly gunzTarPerm modified mode [ 'nan_new.h', 436, 420 ]
182 silly gunzTarPerm extractEntry nan_string_bytes.h
183 silly gunzTarPerm modified mode [ 'nan_string_bytes.h', 436, 420 ]
184 silly gunzTarPerm extractEntry CHANGELOG.md
185 silly gunzTarPerm modified mode [ 'CHANGELOG.md', 436, 420 ]
186 info preinstall nan@1.8.4
187 silly install resolved []
188 verbose about to build /Users/pamelaholmes/Documents/fullsail/SSL2/project/ssl/fitrackers/node_modules/bcrypt/node_modules/nan
189 info build /Users/pamelaholmes/Documents/fullsail/SSL2/project/ssl/fitrackers/node_modules/bcrypt/node_modules/nan
190 verbose linkStuff [ false,
190 verbose linkStuff   false,
190 verbose linkStuff   false,
190 verbose linkStuff   '/Users/pamelaholmes/Documents/fullsail/SSL2/project/ssl/fitrackers/node_modules/bcrypt/node_modules' ]
191 info linkStuff nan@1.8.4
192 verbose linkBins nan@1.8.4
193 verbose linkMans nan@1.8.4
194 verbose rebuildBundles nan@1.8.4
195 info install nan@1.8.4
196 info postinstall nan@1.8.4
197 verbose unlock done using /Users/pamelaholmes/.npm/_locks/nan-a48c4b9223d62cfc.lock for /Users/pamelaholmes/Documents/fullsail/SSL2/project/ssl/fitrackers/node_modules/bcrypt/node_modules/nan
198 verbose about to build /Users/pamelaholmes/Documents/fullsail/SSL2/project/ssl/fitrackers/node_modules/bcrypt
199 info build /Users/pamelaholmes/Documents/fullsail/SSL2/project/ssl/fitrackers/node_modules/bcrypt
200 verbose linkStuff [ false,
200 verbose linkStuff   false,
200 verbose linkStuff   false,
200 verbose linkStuff   '/Users/pamelaholmes/Documents/fullsail/SSL2/project/ssl/fitrackers/node_modules' ]
201 info linkStuff bcrypt@0.8.3
202 verbose linkBins bcrypt@0.8.3
203 verbose linkMans bcrypt@0.8.3
204 verbose rebuildBundles bcrypt@0.8.3
205 verbose rebuildBundles [ 'bindings', 'nan' ]
206 info install bcrypt@0.8.3
207 verbose unsafe-perm in lifecycle false
208 info bcrypt@0.8.3 Failed to exec install script
209 verbose unlock done using /Users/pamelaholmes/.npm/_locks/bcrypt-69763deaf6dc073e.lock for /Users/pamelaholmes/Documents/fullsail/SSL2/project/ssl/fitrackers/node_modules/bcrypt
210 verbose stack Error: bcrypt@0.8.3 install: `node-gyp rebuild`
210 verbose stack Exit status 1
210 verbose stack     at EventEmitter.<anonymous> (/usr/local/lib/node_modules/npm/lib/utils/lifecycle.js:213:16)
210 verbose stack     at EventEmitter.emit (events.js:112:17)
210 verbose stack     at ChildProcess.<anonymous> (/usr/local/lib/node_modules/npm/lib/utils/spawn.js:14:12)
210 verbose stack     at ChildProcess.emit (events.js:112:17)
210 verbose stack     at maybeClose (child_process.js:1017:16)
210 verbose stack     at Process.ChildProcess._handle.onexit (child_process.js:1089:5)
211 verbose pkgid bcrypt@0.8.3
212 verbose cwd /Users/pamelaholmes/Documents/fullsail/SSL2/project/ssl/fitrackers
213 error Darwin 13.4.0
214 error argv "/usr/local/bin/node" "/usr/local/bin/npm" "install" "bcrypt"
215 error node v0.13.0-pre
216 error npm  v2.7.4
217 error code ELIFECYCLE
218 error bcrypt@0.8.3 install: `node-gyp rebuild`
218 error Exit status 1
219 error Failed at the bcrypt@0.8.3 install script 'node-gyp rebuild'.
219 error This is most likely a problem with the bcrypt package,
219 error not with npm itself.
219 error Tell the author that this fails on your system:
219 error     node-gyp rebuild
219 error You can get their info via:
219 error     npm owner ls bcrypt
219 error There is likely additional logging output above.
220 verbose exit [ 1, true ]
221 verbose unbuild node_modules/bcrypt
222 info preuninstall bcrypt@0.8.3
223 info uninstall bcrypt@0.8.3
224 verbose unbuild rmStuff bcrypt@0.8.3 from /Users/pamelaholmes/Documents/fullsail/SSL2/project/ssl/fitrackers/node_modules
225 info postuninstall bcrypt@0.8.3
226 silly gentlyRm /Users/pamelaholmes/Documents/fullsail/SSL2/project/ssl/fitrackers/node_modules/bcrypt is being purged from base /Users/pamelaholmes/Documents/fullsail/SSL2/project/ssl/fitrackers
227 verbose gentlyRm don't care about contents; nuking /Users/pamelaholmes/Documents/fullsail/SSL2/project/ssl/fitrackers/node_modules/bcrypt
228 silly vacuum-fs purging /Users/pamelaholmes/Documents/fullsail/SSL2/project/ssl/fitrackers/node_modules/bcrypt
229 silly vacuum-fs quitting because other entries in /Users/pamelaholmes/Documents/fullsail/SSL2/project/ssl/fitrackers/node_modules
